<!DOCTYPE html PUBLIC "-//W3C//DTD XHTML 1.1//EN" "http://www.w3.org/TR/xhtml11/DTD/xhtml11.dtd">
<html xmlns="http://www.w3.org/1999/xhtml"><head><title>TestNG Report</title><style type="text/css">table {margin-bottom:10px;border-collapse:collapse;empty-cells:show}th,td {border:1px solid #009;padding:.25em .5em}th {vertical-align:bottom}td {vertical-align:top}table a {font-weight:bold}.stripe td {background-color: #E6EBF9}.num {text-align:right}.passedodd td {background-color: #3F3}.passedeven td {background-color: #0A0}.skippedodd td {background-color: #DDD}.skippedeven td {background-color: #CCC}.failedodd td,.attn {background-color: #F33}.failedeven td,.stripe .attn {background-color: #D00}.stacktrace {white-space:pre;font-family:monospace}.totop {font-size:85%;text-align:center;border-bottom:2px solid #000}</style></head><body><table><tr><th>Test</th><th># Passed</th><th># Skipped</th><th># Failed</th><th>Time (ms)</th><th>Included Groups</th><th>Excluded Groups</th></tr><tr><th colspan="7">Suite</th></tr><tr><td><a href="#t0">Firefox Test</a></td><td class="num">4</td><td class="num">0</td><td class="num attn">1</td><td class="num">27,187</td><td></td><td></td></tr><tr class="stripe"><td><a href="#t1">IE Test</a></td><td class="num">4</td><td class="num">0</td><td class="num attn">1</td><td class="num">28,237</td><td></td><td></td></tr><tr><td><a href="#t2">Chrome Test</a></td><td class="num">4</td><td class="num">0</td><td class="num attn">1</td><td class="num">24,030</td><td></td><td></td></tr><tr><th>Total</th><th class="num">12</th><th class="num">0</th><th class="num attn">3</th><th class="num">79,454</th><th colspan="2"></th></tr></table><table><thead><tr><th>Class</th><th>Method</th><th>Start</th><th>Time (ms)</th></tr></thead><tbody><tr><th colspan="4">Suite</th></tr></tbody><tbody id="t0"><tr><th colspan="4">Firefox Test &#8212; failed</th></tr><tr class="failedeven"><td rowspan="1">testCase.TestCaseforVerifySearchModule</td><td><a href="#m0">openMemberProfile</a></td><td rowspan="1">1453312949788</td><td rowspan="1">3016</td></tr><tr><th colspan="4">Firefox Test &#8212; passed</th></tr><tr class="passedeven"><td rowspan="4">testCase.TestCaseforVerifySearchModule</td><td><a href="#m1">clickNameTab</a></td><td rowspan="1">1453312943099</td><td rowspan="1">2368</td></tr><tr class="passedeven"><td><a href="#m2">clickSearchList</a></td><td rowspan="1">1453312942235</td><td rowspan="1">863</td></tr><tr class="passedeven"><td><a href="#m3">loging</a></td><td rowspan="1">1453312937142</td><td rowspan="1">5092</td></tr><tr class="passedeven"><td><a href="#m4">membersSearchByName</a></td><td rowspan="1">1453312945467</td><td rowspan="1">4321</td></tr></tbody><tbody id="t1"><tr><th colspan="4">IE Test &#8212; failed</th></tr><tr class="failedeven"><td rowspan="1">testCase.TestCaseforVerifySearchModule</td><td><a href="#m5">openMemberProfile</a></td><td rowspan="1">1453312975028</td><td rowspan="1">6024</td></tr><tr><th colspan="4">IE Test &#8212; passed</th></tr><tr class="passedeven"><td rowspan="4">testCase.TestCaseforVerifySearchModule</td><td><a href="#m6">clickNameTab</a></td><td rowspan="1">1453312967192</td><td rowspan="1">2982</td></tr><tr class="passedeven"><td><a href="#m7">clickSearchList</a></td><td rowspan="1">1453312965523</td><td rowspan="1">1668</td></tr><tr class="passedeven"><td><a href="#m8">loging</a></td><td rowspan="1">1453312960650</td><td rowspan="1">4870</td></tr><tr class="passedeven"><td><a href="#m9">membersSearchByName</a></td><td rowspan="1">1453312970175</td><td rowspan="1">4853</td></tr></tbody><tbody id="t2"><tr><th colspan="4">Chrome Test &#8212; failed</th></tr><tr class="failedeven"><td rowspan="1">testCase.TestCaseforVerifySearchModule</td><td><a href="#m10">openMemberProfile</a></td><td rowspan="1">1453313000712</td><td rowspan="1">4391</td></tr><tr><th colspan="4">Chrome Test &#8212; passed</th></tr><tr class="passedeven"><td rowspan="4">testCase.TestCaseforVerifySearchModule</td><td><a href="#m11">clickNameTab</a></td><td rowspan="1">1453312993907</td><td rowspan="1">2420</td></tr><tr class="passedeven"><td><a href="#m12">clickSearchList</a></td><td rowspan="1">1453312993064</td><td rowspan="1">842</td></tr><tr class="passedeven"><td><a href="#m13">loging</a></td><td rowspan="1">1453312989166</td><td rowspan="1">3897</td></tr><tr class="passedeven"><td><a href="#m14">membersSearchByName</a></td><td rowspan="1">1453312996328</td><td rowspan="1">4383</td></tr></tbody></table><h2>Firefox Test</h2><h3 id="m0">testCase.TestCaseforVerifySearchModule#openMemberProfile</h3><table class="result"><tr><th>Exception</th></tr><tr><td><div class="stacktrace">java.lang.RuntimeException: Process refused to die after 10 seconds, and couldn&apos;t taskkill it: Unable to find executable for: taskkill
	at org.openqa.selenium.os.ProcessUtils.killWinProcess(ProcessUtils.java:142)
	at org.openqa.selenium.os.ProcessUtils.killProcess(ProcessUtils.java:81)
	at org.openqa.selenium.os.UnixProcess$SeleniumWatchDog.destroyHarder(UnixProcess.java:247)
	at org.openqa.selenium.os.UnixProcess$SeleniumWatchDog.access$2(UnixProcess.java:246)
	at org.openqa.selenium.os.UnixProcess.destroy(UnixProcess.java:125)
	at org.openqa.selenium.os.CommandLine.destroy(CommandLine.java:155)
	at org.openqa.selenium.firefox.FirefoxBinary.quit(FirefoxBinary.java:259)
	at org.openqa.selenium.firefox.internal.NewProfileExtensionConnection.quit(NewProfileExtensionConnection.java:204)
	at org.openqa.selenium.firefox.FirefoxDriver$LazyCommandExecutor.quit(FirefoxDriver.java:364)
	at org.openqa.selenium.firefox.FirefoxDriver.stopClient(FirefoxDriver.java:310)
	at org.openqa.selenium.remote.RemoteWebDriver.quit(RemoteWebDriver.java:519)
	at testCase.TestCaseforVerifySearchModule.openMemberProfile(TestCaseforVerifySearchModule.java:73)
Caused by: java.lang.NullPointerException: Unable to find executable for: taskkill
	at com.google.common.base.Preconditions.checkNotNull(Preconditions.java:250)
	at org.openqa.selenium.os.UnixProcess.&lt;init&gt;(UnixProcess.java:62)
	at org.openqa.selenium.os.CommandLine.&lt;init&gt;(CommandLine.java:38)
	at org.openqa.selenium.os.WindowsUtils.killPID(WindowsUtils.java:178)
	at org.openqa.selenium.os.ProcessUtils.killWinProcess(ProcessUtils.java:138)
	... 35 more
... Removed 24 stack frames</div></td></tr></table><p class="totop"><a href="#summary">back to summary</a></p><h3 id="m1">testCase.TestCaseforVerifySearchModule#clickNameTab</h3><table class="result"></table><p class="totop"><a href="#summary">back to summary</a></p><h3 id="m2">testCase.TestCaseforVerifySearchModule#clickSearchList</h3><table class="result"></table><p class="totop"><a href="#summary">back to summary</a></p><h3 id="m3">testCase.TestCaseforVerifySearchModule#loging</h3><table class="result"></table><p class="totop"><a href="#summary">back to summary</a></p><h3 id="m4">testCase.TestCaseforVerifySearchModule#membersSearchByName</h3><table class="result"></table><p class="totop"><a href="#summary">back to summary</a></p><h2>IE Test</h2><h3 id="m5">testCase.TestCaseforVerifySearchModule#openMemberProfile</h3><table class="result"><tr><th>Exception</th></tr><tr><td><div class="stacktrace">org.openqa.selenium.remote.UnreachableBrowserException: Error communicating with the remote browser. It may have died.
Build info: version: &apos;2.48.2&apos;, revision: &apos;41bccdd&apos;, time: &apos;2015-10-09 19:55:52&apos;
System info: host: &apos;01250LT2368&apos;, ip: &apos;10.8.44.138&apos;, os.name: &apos;Windows 7&apos;, os.arch: &apos;x86&apos;, os.version: &apos;6.1&apos;, java.version: &apos;1.8.0_60&apos;
Driver info: driver.version: RemoteWebDriver
	at org.openqa.selenium.remote.RemoteWebDriver.execute(RemoteWebDriver.java:641)
	at org.openqa.selenium.remote.RemoteWebDriver.execute(RemoteWebDriver.java:670)
	at org.openqa.selenium.remote.RemoteWebDriver.quit(RemoteWebDriver.java:516)
	at testCase.TestCaseforVerifySearchModule.openMemberProfile(TestCaseforVerifySearchModule.java:73)
Caused by: java.lang.RuntimeException: Process refused to die after 10 seconds, and couldn&apos;t taskkill it: Unable to find executable for: taskkill
	at org.openqa.selenium.os.ProcessUtils.killWinProcess(ProcessUtils.java:142)
	at org.openqa.selenium.os.ProcessUtils.killProcess(ProcessUtils.java:81)
	at org.openqa.selenium.os.UnixProcess$SeleniumWatchDog.destroyHarder(UnixProcess.java:247)
	at org.openqa.selenium.os.UnixProcess$SeleniumWatchDog.access$2(UnixProcess.java:246)
	at org.openqa.selenium.os.UnixProcess.destroy(UnixProcess.java:125)
	at org.openqa.selenium.os.CommandLine.destroy(CommandLine.java:155)
	at org.openqa.selenium.remote.service.DriverService.stop(DriverService.java:196)
	at org.openqa.selenium.remote.service.DriverCommandExecutor.execute(DriverCommandExecutor.java:94)
	at org.openqa.selenium.remote.RemoteWebDriver.execute(RemoteWebDriver.java:620)
	... 27 more
Caused by: java.lang.NullPointerException: Unable to find executable for: taskkill
	at com.google.common.base.Preconditions.checkNotNull(Preconditions.java:250)
	at org.openqa.selenium.os.UnixProcess.&lt;init&gt;(UnixProcess.java:62)
	at org.openqa.selenium.os.CommandLine.&lt;init&gt;(CommandLine.java:38)
	at org.openqa.selenium.os.WindowsUtils.killPID(WindowsUtils.java:178)
	at org.openqa.selenium.os.ProcessUtils.killWinProcess(ProcessUtils.java:138)
	... 35 more
... Removed 24 stack frames</div></td></tr></table><p class="totop"><a href="#summary">back to summary</a></p><h3 id="m6">testCase.TestCaseforVerifySearchModule#clickNameTab</h3><table class="result"></table><p class="totop"><a href="#summary">back to summary</a></p><h3 id="m7">testCase.TestCaseforVerifySearchModule#clickSearchList</h3><table class="result"></table><p class="totop"><a href="#summary">back to summary</a></p><h3 id="m8">testCase.TestCaseforVerifySearchModule#loging</h3><table class="result"></table><p class="totop"><a href="#summary">back to summary</a></p><h3 id="m9">testCase.TestCaseforVerifySearchModule#membersSearchByName</h3><table class="result"></table><p class="totop"><a href="#summary">back to summary</a></p><h2>Chrome Test</h2><h3 id="m10">testCase.TestCaseforVerifySearchModule#openMemberProfile</h3><table class="result"><tr><th>Exception</th></tr><tr><td><div class="stacktrace">org.openqa.selenium.remote.UnreachableBrowserException: Error communicating with the remote browser. It may have died.
Build info: version: &apos;2.48.2&apos;, revision: &apos;41bccdd&apos;, time: &apos;2015-10-09 19:55:52&apos;
System info: host: &apos;01250LT2368&apos;, ip: &apos;10.8.44.138&apos;, os.name: &apos;Windows 7&apos;, os.arch: &apos;x86&apos;, os.version: &apos;6.1&apos;, java.version: &apos;1.8.0_60&apos;
Driver info: driver.version: RemoteWebDriver
	at org.openqa.selenium.remote.RemoteWebDriver.execute(RemoteWebDriver.java:641)
	at org.openqa.selenium.remote.RemoteWebDriver.execute(RemoteWebDriver.java:670)
	at org.openqa.selenium.remote.RemoteWebDriver.quit(RemoteWebDriver.java:516)
	at testCase.TestCaseforVerifySearchModule.openMemberProfile(TestCaseforVerifySearchModule.java:73)
Caused by: java.lang.RuntimeException: Process refused to die after 10 seconds, and couldn&apos;t taskkill it: Unable to find executable for: taskkill
	at org.openqa.selenium.os.ProcessUtils.killWinProcess(ProcessUtils.java:142)
	at org.openqa.selenium.os.ProcessUtils.killProcess(ProcessUtils.java:81)
	at org.openqa.selenium.os.UnixProcess$SeleniumWatchDog.destroyHarder(UnixProcess.java:247)
	at org.openqa.selenium.os.UnixProcess$SeleniumWatchDog.access$2(UnixProcess.java:246)
	at org.openqa.selenium.os.UnixProcess.destroy(UnixProcess.java:125)
	at org.openqa.selenium.os.CommandLine.destroy(CommandLine.java:155)
	at org.openqa.selenium.remote.service.DriverService.stop(DriverService.java:196)
	at org.openqa.selenium.remote.service.DriverCommandExecutor.execute(DriverCommandExecutor.java:94)
	at org.openqa.selenium.remote.RemoteWebDriver.execute(RemoteWebDriver.java:620)
	... 27 more
Caused by: java.lang.NullPointerException: Unable to find executable for: taskkill
	at com.google.common.base.Preconditions.checkNotNull(Preconditions.java:250)
	at org.openqa.selenium.os.UnixProcess.&lt;init&gt;(UnixProcess.java:62)
	at org.openqa.selenium.os.CommandLine.&lt;init&gt;(CommandLine.java:38)
	at org.openqa.selenium.os.WindowsUtils.killPID(WindowsUtils.java:178)
	at org.openqa.selenium.os.ProcessUtils.killWinProcess(ProcessUtils.java:138)
	... 35 more
... Removed 24 stack frames</div></td></tr></table><p class="totop"><a href="#summary">back to summary</a></p><h3 id="m11">testCase.TestCaseforVerifySearchModule#clickNameTab</h3><table class="result"></table><p class="totop"><a href="#summary">back to summary</a></p><h3 id="m12">testCase.TestCaseforVerifySearchModule#clickSearchList</h3><table class="result"></table><p class="totop"><a href="#summary">back to summary</a></p><h3 id="m13">testCase.TestCaseforVerifySearchModule#loging</h3><table class="result"></table><p class="totop"><a href="#summary">back to summary</a></p><h3 id="m14">testCase.TestCaseforVerifySearchModule#membersSearchByName</h3><table class="result"></table><p class="totop"><a href="#summary">back to summary</a></p></body></html>